android/app/build/outputs/logs/manifest-merger-debug-report.txt
-- Merging decision tree log ---
manifest
ADDED from src\main\AndroidManifest.xml:2:1-12:12
INJECTED from src\main\AndroidManifest.xml:2:1-12:12
INJECTED from src\main\AndroidManifest.xml:2:1-12:12
INJECTED from src\main\AndroidManifest.xml:2:1-12:12
INJECTED from src\main\AndroidManifest.xml:2:1-12:12
INJECTED from src\main\AndroidManifest.xml:2:1-12:12
INJECTED from src\main\AndroidManifest.xml:2:1-12:12
	package
		ADDED from src\main\AndroidManifest.xml:2:123-144
		INJECTED from src\main\AndroidManifest.xml
		INJECTED from src\main\AndroidManifest.xml
	android:versionName
		ADDED from src\main\AndroidManifest.xml:2:70-97
		INJECTED from src\main\AndroidManifest.xml
		INJECTED from src\main\AndroidManifest.xml
	xmlns:android
		ADDED from src\main\AndroidManifest.xml:2:11-69
	android:versionCode
		ADDED from src\main\AndroidManifest.xml:2:98-122
		INJECTED from src\main\AndroidManifest.xml
		INJECTED from src\main\AndroidManifest.xml
uses-sdk
ADDED from src\main\AndroidManifest.xml:3:5-43
INJECTED from src\main\AndroidManifest.xml:3:5-43
INJECTED from src\main\AndroidManifest.xml:3:5-43
INJECTED from src\main\AndroidManifest.xml:3:5-43
INJECTED from src\main\AndroidManifest.xml:3:5-43
	android:targetSdkVersion
		INJECTED from src\main\AndroidManifest.xml
		ADDED from src\main\AndroidManifest.xml:3:5-43
		INJECTED from src\main\AndroidManifest.xml
	android:minSdkVersion
		ADDED from src\main\AndroidManifest.xml:3:15-41
		INJECTED from src\main\AndroidManifest.xml
		INJECTED from src\main\AndroidManifest.xml
application
ADDED from src\main\AndroidManifest.xml:4:5-11:19
	android:label
		ADDED from src\main\AndroidManifest.xml:4:18-50
	android:icon
		ADDED from src\main\AndroidManifest.xml:4:51-81
	android:allowBackup
		ADDED from src\main\AndroidManifest.xml:4:82-108
activity#driod.dicex.DriodDiceXActivity
ADDED from src\main\AndroidManifest.xml:5:9-10:20
	android:label
		ADDED from src\main\AndroidManifest.xml:5:19-51
	android:exported
		ADDED from src\main\AndroidManifest.xml:5:86-109
	android:configChanges
		ADDED from src\main\AndroidManifest.xml:5:110-160
	android:name
		ADDED from src\main\AndroidManifest.xml:5:52-85
intent-filter#action:name:android.intent.action.MAIN+category:name:android.intent.category.LAUNCHER
ADDED from src\main\AndroidManifest.xml:6:4-9:26
action#android.intent.action.MAIN
ADDED from src\main\AndroidManifest.xml:7:13-65
	android:name
		ADDED from src\main\AndroidManifest.xml:7:21-62
category#android.intent.category.LAUNCHER
ADDED from src\main\AndroidManifest.xml:8:13-73
	android:name
		ADDED from src\main\AndroidManifest.xml:8:23-70